TN:
SF:calculadora_imc.js
FN:5,(anonymous_0)
FN:30,(anonymous_1)
FNF:2
FNH:2
FNDA:16,(anonymous_0)
FNDA:10,(anonymous_1)
DA:7,16
DA:8,4
DA:12,12
DA:13,4
DA:17,8
DA:18,2
DA:22,6
DA:23,2
DA:26,4
DA:31,10
DA:32,2
DA:33,8
DA:34,3
DA:35,5
DA:36,3
DA:38,2
DA:44,1
LF:17
LH:17
BRDA:7,0,0,4
BRDA:7,0,1,12
BRDA:7,1,0,16
BRDA:7,1,1,13
BRDA:12,2,0,4
BRDA:12,2,1,8
BRDA:12,3,0,12
BRDA:12,3,1,9
BRDA:17,4,0,2
BRDA:17,4,1,6
BRDA:22,5,0,2
BRDA:22,5,1,4
BRDA:31,6,0,2
BRDA:31,6,1,8
BRDA:33,7,0,3
BRDA:33,7,1,5
BRDA:35,8,0,3
BRDA:35,8,1,2
BRF:18
BRH:18
end_of_record
