{"C:\\Users\\aluno\\Pictures\\tests unitarios\\integracoes\\javascript\\app.js": {"path":"C:\\Users\\aluno\\Pictures\\tests unitarios\\integracoes\\javascript\\app.js","statementMap":{"0":{"start":{"line":1,"column":16},"end":{"line":1,"column":34}},"1":{"start":{"line":2,"column":21},"end":{"line":2,"column":42}},"2":{"start":{"line":4,"column":12},"end":{"line":4,"column":21}},"3":{"start":{"line":5,"column":0},"end":{"line":5,"column":24}},"4":{"start":{"line":7,"column":0},"end":{"line":9,"column":3}},"5":{"start":{"line":8,"column":2},"end":{"line":8,"column":33}},"6":{"start":{"line":11,"column":0},"end":{"line":11,"column":21}}},"fnMap":{"0":{"name":"(anonymous_0)","decl":{"start":{"line":7,"column":21},"end":{"line":7,"column":22}},"loc":{"start":{"line":7,"column":35},"end":{"line":9,"column":1}},"line":7}},"branchMap":{},"s":{"0":1,"1":1,"2":1,"3":1,"4":1,"5":2,"6":1},"f":{"0":2},"b":{},"_coverageSchema":"1a1c01bbd47fc00a2c39e90264f33305004495a9","hash":"34d303d2bfbc9dd0dc4164f781a98a8565c73248"}
,"C:\\Users\\aluno\\Pictures\\tests unitarios\\integracoes\\javascript\\produtos.js": {"path":"C:\\Users\\aluno\\Pictures\\tests unitarios\\integracoes\\javascript\\produtos.js","statementMap":{"0":{"start":{"line":1,"column":17},"end":{"line":4,"column":1}},"1":{"start":{"line":7,"column":0},"end":{"line":7,"column":30}}},"fnMap":{},"branchMap":{},"s":{"0":1,"1":1},"f":{},"b":{},"_coverageSchema":"1a1c01bbd47fc00a2c39e90264f33305004495a9","hash":"efd7b51e59fd10e0b320c5db6d2616bfa4508f99"}
}
