{"C:\\Users\\aluno\\Pictures\\tests unitarios\\planos_tests\\sistemaAlunos.js": {"path":"C:\\Users\\aluno\\Pictures\\tests unitarios\\planos_tests\\sistemaAlunos.js","statementMap":{"0":{"start":{"line":3,"column":8},"end":{"line":8,"column":9}},"1":{"start":{"line":7,"column":12},"end":{"line":7,"column":82}},"2":{"start":{"line":10,"column":22},"end":{"line":10,"column":38}},"3":{"start":{"line":11,"column":8},"end":{"line":15,"column":9}},"4":{"start":{"line":12,"column":12},"end":{"line":14,"column":13}},"5":{"start":{"line":13,"column":16},"end":{"line":13,"column":70}},"6":{"start":{"line":17,"column":22},"end":{"line":17,"column":45}},"7":{"start":{"line":18,"column":8},"end":{"line":18,"column":40}},"8":{"start":{"line":22,"column":8},"end":{"line":24,"column":9}},"9":{"start":{"line":23,"column":12},"end":{"line":23,"column":61}},"10":{"start":{"line":26,"column":8},"end":{"line":32,"column":9}},"11":{"start":{"line":27,"column":12},"end":{"line":27,"column":30}},"12":{"start":{"line":28,"column":15},"end":{"line":32,"column":9}},"13":{"start":{"line":29,"column":12},"end":{"line":29,"column":33}},"14":{"start":{"line":31,"column":12},"end":{"line":31,"column":31}},"15":{"start":{"line":37,"column":0},"end":{"line":37,"column":30}}},"fnMap":{"0":{"name":"(anonymous_0)","decl":{"start":{"line":2,"column":4},"end":{"line":2,"column":5}},"loc":{"start":{"line":2,"column":34},"end":{"line":19,"column":5}},"line":2},"1":{"name":"(anonymous_1)","decl":{"start":{"line":21,"column":4},"end":{"line":21,"column":5}},"loc":{"start":{"line":21,"column":27},"end":{"line":33,"column":5}},"line":21}},"branchMap":{"0":{"loc":{"start":{"line":3,"column":8},"end":{"line":8,"column":9}},"type":"if","locations":[{"start":{"line":3,"column":8},"end":{"line":8,"column":9}},{"start":{},"end":{}}],"line":3},"1":{"loc":{"start":{"line":4,"column":12},"end":{"line":5,"column":60}},"type":"binary-expr","locations":[{"start":{"line":4,"column":12},"end":{"line":4,"column":34}},{"start":{"line":4,"column":38},"end":{"line":4,"column":60}},{"start":{"line":5,"column":12},"end":{"line":5,"column":34}},{"start":{"line":5,"column":38},"end":{"line":5,"column":60}}],"line":4},"2":{"loc":{"start":{"line":12,"column":12},"end":{"line":14,"column":13}},"type":"if","locations":[{"start":{"line":12,"column":12},"end":{"line":14,"column":13}},{"start":{},"end":{}}],"line":12},"3":{"loc":{"start":{"line":12,"column":16},"end":{"line":12,"column":37}},"type":"binary-expr","locations":[{"start":{"line":12,"column":16},"end":{"line":12,"column":24}},{"start":{"line":12,"column":28},"end":{"line":12,"column":37}}],"line":12},"4":{"loc":{"start":{"line":22,"column":8},"end":{"line":24,"column":9}},"type":"if","locations":[{"start":{"line":22,"column":8},"end":{"line":24,"column":9}},{"start":{},"end":{}}],"line":22},"5":{"loc":{"start":{"line":22,"column":12},"end":{"line":22,"column":64}},"type":"binary-expr","locations":[{"start":{"line":22,"column":12},"end":{"line":22,"column":37}},{"start":{"line":22,"column":41},"end":{"line":22,"column":50}},{"start":{"line":22,"column":54},"end":{"line":22,"column":64}}],"line":22},"6":{"loc":{"start":{"line":26,"column":8},"end":{"line":32,"column":9}},"type":"if","locations":[{"start":{"line":26,"column":8},"end":{"line":32,"column":9}},{"start":{"line":28,"column":15},"end":{"line":32,"column":9}}],"line":26},"7":{"loc":{"start":{"line":28,"column":15},"end":{"line":32,"column":9}},"type":"if","locations":[{"start":{"line":28,"column":15},"end":{"line":32,"column":9}},{"start":{"line":30,"column":15},"end":{"line":32,"column":9}}],"line":28}},"s":{"0":2,"1":1,"2":1,"3":1,"4":4,"5":0,"6":1,"7":1,"8":3,"9":0,"10":3,"11":1,"12":2,"13":1,"14":1,"15":1},"f":{"0":2,"1":3},"b":{"0":[1,1],"1":[2,2,2,2],"2":[0,4],"3":[4,4],"4":[0,3],"5":[3,3,3],"6":[1,2],"7":[1,1]},"_coverageSchema":"1a1c01bbd47fc00a2c39e90264f33305004495a9","hash":"9f777677068f5db67ce5e38351ba7f921beb20a7"}
}
