TN:
SF:sistemaAlunos.js
FN:2,(anonymous_0)
FN:21,(anonymous_1)
FNF:2
FNH:2
FNDA:1,(anonymous_0)
FNDA:3,(anonymous_1)
DA:3,1
DA:7,0
DA:10,1
DA:11,1
DA:12,4
DA:13,0
DA:17,1
DA:18,1
DA:22,3
DA:23,0
DA:26,3
DA:27,1
DA:28,2
DA:29,1
DA:31,1
DA:37,1
LF:16
LH:13
BRDA:3,0,0,0
BRDA:3,0,1,1
BRDA:4,1,0,1
BRDA:4,1,1,1
BRDA:4,1,2,1
BRDA:4,1,3,1
BRDA:12,2,0,0
BRDA:12,2,1,4
BRDA:12,3,0,4
BRDA:12,3,1,4
BRDA:22,4,0,0
BRDA:22,4,1,3
BRDA:22,5,0,3
BRDA:22,5,1,3
BRDA:22,5,2,3
BRDA:26,6,0,1
BRDA:26,6,1,2
BRDA:28,7,0,1
BRDA:28,7,1,1
BRF:19
BRH:16
end_of_record
